<?xml version="1.0" encoding="UTF-8"?>
<!-- Generated by org.testng.reporters.JUnitReportReporter -->
<testsuite hostname="Admin-PC" name="com.Vmetry.NTL.initialize.Initializer" tests="1" failures="0" timestamp="17 Sep 2016 08:15:01 GMT" time="0.047" errors="0">
  <testcase name="intialize" time="0.047" classname="com.Vmetry.NTL.initialize.Initializer"/>
</testsuite> <!-- com.Vmetry.NTL.initialize.Initializer -->
